<?xml version="1.0" encoding="UTF-8"?>
<!-- Generated by org.testng.reporters.JUnitXMLReporter -->
<testsuite hostname="DESKTOP-I01SR4M" ignored="4" name="OF Sample test" tests="3" failures="0" timestamp="13 Jun 2019 11:24:54 GMT" time="62.894" errors="0">
  <testcase name="f" time="11.291" classname="devBranch.FB_Test"/>
  <testcase name="f" time="8.154" classname="devBranch.LinkedIn_Test"/>
  <testcase name="OF_FirstTest" time="38.146" classname="devBranch.OF_TC1"/>
  <testcase name="@BeforeTest beforeTest" time="0.0" classname="devBranch.Base">
    <ignored/>
  </testcase> <!-- @BeforeTest beforeTest -->
  <testcase name="@BeforeTest beforeTest" time="0.0" classname="devBranch.Base">
    <ignored/>
  </testcase> <!-- @BeforeTest beforeTest -->
  <testcase name="@AfterTest afterTest" time="0.0" classname="devBranch.Base">
    <ignored/>
  </testcase> <!-- @AfterTest afterTest -->
  <testcase name="@AfterTest afterTest" time="0.0" classname="devBranch.Base">
    <ignored/>
  </testcase> <!-- @AfterTest afterTest -->
</testsuite> <!-- OF Sample test -->
